sample.interval=20000
"tryCatchOne" "tryCatchList" "tryCatch" "base::try" 
"factor" "table" "readLineDensity" "plot.aprof" "plot" 
"graphics::mtext" "plot.aprof" "plot" 
".Call" "doTryCatch" "tryCatchOne" "tryCatchList" "tryCatch" "<Anonymous>" 
".Call" "doTryCatch" "tryCatchOne" "tryCatchList" "tryCatch" "<Anonymous>" 
".Call" "doTryCatch" "tryCatchOne" "tryCatchList" "tryCatch" "<Anonymous>" 
".Call" "doTryCatch" "tryCatchOne" "tryCatchList" "tryCatch" "<Anonymous>" 
".Call" "doTryCatch" "tryCatchOne" "tryCatchList" "tryCatch" "<Anonymous>" 
".Call" "doTryCatch" "tryCatchOne" "tryCatchList" "tryCatch" "<Anonymous>" 
".Call" "doTryCatch" "tryCatchOne" "tryCatchList" "tryCatch" "<Anonymous>" 
".Call" "doTryCatch" "tryCatchOne" "tryCatchList" "tryCatch" "<Anonymous>" 
".Call" "doTryCatch" "tryCatchOne" "tryCatchList" "tryCatch" "<Anonymous>" 
"gc" "microbenchmark" 
"gc" "microbenchmark" 
"gc" "microbenchmark" 
"gc" "microbenchmark" 
"gc" "microbenchmark" 
"gc" "microbenchmark" 
".Call" "microbenchmark" 
"rbind" "newSS" ".Call" "microbenchmark" 
